1 1 1
1 2 2
1 3 3
1 4 4
1 5 5
1 6 6
1 7 7
1 8 8
1 9 9
1 10 10
2 1 1
2 2 3
2 3 6
2 4 10
2 5 15
2 6 21
2 7 28
2 8 36
2 9 45
2 10 55
3 1 1
3 2 4
3 3 10
3 4 20
3 5 35
3 6 56
3 7 84
3 8 120
3 9 165
3 10 220
4 1 1
4 2 5
4 3 15
4 4 35
4 5 70
4 6 126
4 7 210
4 8 330
4 9 495
4 10 715
5 1 1
5 2 6
5 3 21
5 4 56
5 5 126
5 6 252
5 7 462
5 8 792
5 9 1287
5 10 2002
6 1 1
6 2 7
6 3 28
6 4 84
6 5 210
6 6 462
6 7 924
6 8 1716
6 9 3003
6 10 5005
7 1 1
7 2 8
7 3 36
7 4 120
7 5 330
7 6 792
7 7 1716
7 8 3432
7 9 6435
7 10 11440
8 1 1
8 2 9
8 3 45
8 4 165
8 5 495
8 6 1287
8 7 3003
8 8 6435
8 9 12870
8 10 24310
9 1 1
9 2 10
9 3 55
9 4 220
9 5 715
9 6 2002
9 7 5005
9 8 11440
9 9 24310
9 10 48620
10 1 1
10 2 11
10 3 66
10 4 286
10 5 1001
10 6 3003
10 7 8008
10 8 19448
10 9 43758
10 10 92378
